0 info it worked if it ends with ok
1 verbose cli [ '/usr/bin/node', '/usr/bin/npm', 'run', 'serve' ]
2 info using npm@3.9.3
3 info using node@v6.2.0
4 verbose run-script [ 'preserve', 'serve', 'postserve' ]
5 info lifecycle todo@0.0.1~preserve: todo@0.0.1
6 silly lifecycle todo@0.0.1~preserve: no script for preserve, continuing
7 info lifecycle todo@0.0.1~serve: todo@0.0.1
8 verbose lifecycle todo@0.0.1~serve: unsafe-perm in lifecycle true
9 verbose lifecycle todo@0.0.1~serve: PATH: /usr/lib/node_modules/npm/bin/node-gyp-bin:/home/adrian/development/nodejs/todo/node_modules/.bin:/usr/bin:/home/adrian/.rvm/gems/ruby-2.3.0/bin:/home/adrian/.rvm/gems/ruby-2.3.0@global/bin:/home/adrian/.rvm/rubies/ruby-2.3.0/bin:/usr/local/sbin:/usr/local/bin:/usr/bin:/usr/bin/site_perl:/usr/bin/vendor_perl:/usr/bin/core_perl:.:/home/adrian/.rvm/bin:/home/adrian/.local/bin
10 verbose lifecycle todo@0.0.1~serve: CWD: /home/adrian/development/nodejs/todo
11 silly lifecycle todo@0.0.1~serve: Args: [ '-c', 'cd server; node boot.js' ]
12 silly lifecycle todo@0.0.1~serve: Returned: code: 1  signal: null
13 info lifecycle todo@0.0.1~serve: Failed to exec serve script
14 verbose stack Error: todo@0.0.1 serve: `cd server; node boot.js`
14 verbose stack Exit status 1
14 verbose stack     at EventEmitter.<anonymous> (/usr/lib/node_modules/npm/lib/utils/lifecycle.js:245:16)
14 verbose stack     at emitTwo (events.js:106:13)
14 verbose stack     at EventEmitter.emit (events.js:191:7)
14 verbose stack     at ChildProcess.<anonymous> (/usr/lib/node_modules/npm/lib/utils/spawn.js:24:14)
14 verbose stack     at emitTwo (events.js:106:13)
14 verbose stack     at ChildProcess.emit (events.js:191:7)
14 verbose stack     at maybeClose (internal/child_process.js:850:16)
14 verbose stack     at Process.ChildProcess._handle.onexit (internal/child_process.js:215:5)
15 verbose pkgid todo@0.0.1
16 verbose cwd /home/adrian/development/nodejs/todo
17 error Linux 4.5.4-1-zen
18 error argv "/usr/bin/node" "/usr/bin/npm" "run" "serve"
19 error node v6.2.0
20 error npm  v3.9.3
21 error code ELIFECYCLE
22 error todo@0.0.1 serve: `cd server; node boot.js`
22 error Exit status 1
23 error Failed at the todo@0.0.1 serve script 'cd server; node boot.js'.
23 error Make sure you have the latest version of node.js and npm installed.
23 error If you do, this is most likely a problem with the todo package,
23 error not with npm itself.
23 error Tell the author that this fails on your system:
23 error     cd server; node boot.js
23 error You can get information on how to open an issue for this project with:
23 error     npm bugs todo
23 error Or if that isn't available, you can get their info via:
23 error     npm owner ls todo
23 error There is likely additional logging output above.
24 verbose exit [ 1, true ]
